SF:lib\data\models\azerbaijan_stat.g.dart
DA:13,0
DA:15,0
DA:16,0
DA:17,0
DA:19,0
DA:20,0
DA:21,0
DA:22,0
DA:23,0
DA:24,0
DA:25,0
DA:29,0
DA:32,0
DA:33,0
DA:34,0
DA:35,0
DA:36,0
DA:37,0
DA:38,0
DA:39,0
DA:40,0
DA:41,0
DA:42,0
DA:43,0
DA:44,0
DA:47,0
DA:48,0
DA:50,0
DA:53,0
DA:54,0
DA:55,0
LF:31
LH:0
end_of_record
SF:lib\data\models\azerbaijan_stat.dart
DA:44,1
LF:1
LH:1
end_of_record
SF:lib\data\services\html_parser_service.dart
DA:45,0
DA:51,0
DA:53,0
DA:63,0
DA:64,0
DA:65,0
DA:67,0
DA:68,0
DA:71,0
DA:73,0
DA:75,0
DA:76,0
DA:79,0
DA:80,0
DA:81,0
DA:82,0
DA:83,0
DA:84,0
DA:85,0
LF:19
LH:0
end_of_record
SF:lib\data\config.dart
DA:39,0
LF:1
LH:0
end_of_record
SF:lib\presentation\widgets\app_bottom_nav_bar.dart
DA:40,1
DA:43,1
DA:47,1
DA:48,1
DA:54,1
DA:56,1
DA:57,1
DA:58,1
DA:59,1
DA:60,1
DA:61,1
DA:62,1
DA:63,1
DA:65,0
DA:66,0
DA:67,0
DA:69,0
DA:74,1
DA:76,1
DA:77,2
DA:78,2
DA:79,1
DA:80,1
LF:23
LH:19
end_of_record
